2022-02-15 10:16:59 [LOT NUM] 202207L53861 
			[TYPE] SMLMN2WB1CW1  3 CS  
2022-02-15 10:16:59 [LOT NUM] 202207L53861 
			[TYPE] SMLMN2WB1CW1  3 CS  
2022-02-15 10:16:59 [LOT NUM] 202207L53861 
			[TYPE] SMLMN2WB1CW1  3 CS  
2022-02-15 10:16:59 [LOT NUM] 202207L53861 
			[TYPE] SMLMN2WB1CW1  3 CS  
2022-02-15 10:17:00 [LOT NUM] 202207L53861 
			[TYPE] SMLMN2WB1CW1  3 CS  
2022-02-15 10:17:00 [LOT NUM] 202207L53861 
			[TYPE] SMLMN2WB1CW1  3 CS  
2022-02-15 10:17:00 [LOT NUM] 202207L53861 
			[TYPE] SMLMN2WB1CW1  3 CS  
2022-02-15 10:17:00 [LOT NUM] 202207L53861 
			[TYPE] SMLMN2WB1CW1  3 CS  
2022-02-15 10:17:00 [LOT NUM] 202207L53861 
			[TYPE] SMLMN2WB1CW1  3 CS  
2022-02-15 10:17:00 [LOT NUM] 202207L53861 
			[TYPE] SMLMN2WB1CW1  3 CS  
2022-02-15 10:17:18 [LOT NUM] 202207L53861 
			[TYPE] SMLMN2WB1CW1  3 CS  
2022-02-15 10:17:18 [LOT NUM] 202207L53861 
			[TYPE] SMLMN2WB1CW1  3 CS  
2022-02-15 10:17:18 [LOT NUM] 202207L53861 
			[TYPE] SMLMN2WB1CW1  3 CS  
2022-02-15 10:17:18 [LOT NUM] 202207L53861 
			[TYPE] SMLMN2WB1CW1  3 CS  
2022-02-15 10:17:18 [LOT NUM] 202207L53861 
			[TYPE] SMLMN2WB1CW1  3 CS  
2022-02-15 10:17:18 [LOT NUM] 202207L53861 
			[TYPE] SMLMN2WB1CW1  3 CS  
2022-02-15 10:17:18 [LOT NUM] 202207L53861 
			[TYPE] SMLMN2WB1CW1  3 CS  
2022-02-15 10:17:18 [LOT NUM] 202207L53861 
			[TYPE] SMLMN2WB1CW1  3 CS  
2022-02-15 10:17:18 [LOT NUM] 202207L53861 
			[TYPE] SMLMN2WB1CW1  3 CS  
2022-02-15 10:17:18 [LOT NUM] 202207L53861 
			[TYPE] SMLMN2WB1CW1  3 CS  
2022-02-15 10:17:57 	[LOT NUM] 202207L53861 
	[TYPE] SMLMN2WB1CW1  3 CS  
2022-02-15 10:17:57 	[LOT NUM] 202207L53861 
	[TYPE] SMLMN2WB1CW1  3 CS  
2022-02-15 10:17:57 	[LOT NUM] 202207L53861 
	[TYPE] SMLMN2WB1CW1  3 CS  
2022-02-15 10:17:57 	[LOT NUM] 202207L53861 
	[TYPE] SMLMN2WB1CW1  3 CS  
2022-02-15 10:17:57 	[LOT NUM] 202207L53861 
	[TYPE] SMLMN2WB1CW1  3 CS  
2022-02-15 10:17:57 	[LOT NUM] 202207L53861 
	[TYPE] SMLMN2WB1CW1  3 CS  
2022-02-15 10:17:57 	[LOT NUM] 202207L53861 
	[TYPE] SMLMN2WB1CW1  3 CS  
2022-02-15 10:17:57 	[LOT NUM] 202207L53861 
	[TYPE] SMLMN2WB1CW1  3 CS  
2022-02-15 10:17:57 	[LOT NUM] 202207L53861 
	[TYPE] SMLMN2WB1CW1  3 CS  
2022-02-15 10:17:57 	[LOT NUM] 202207L53861 
	[TYPE] SMLMN2WB1CW1  3 CS  
2022-02-15 10:19:30 [LOT NUM] 202207L53861 
                    [TYPE] SMLMN2WB1CW1  3 CS  
2022-02-15 10:19:30 [LOT NUM] 202207L53861 
                    [TYPE] SMLMN2WB1CW1  3 CS  
2022-02-15 10:19:30 [LOT NUM] 202207L53861 
                    [TYPE] SMLMN2WB1CW1  3 CS  
2022-02-15 10:19:30 [LOT NUM] 202207L53861 
                    [TYPE] SMLMN2WB1CW1  3 CS  
2022-02-15 10:19:31 [LOT NUM] 202207L53861 
                    [TYPE] SMLMN2WB1CW1  3 CS  
2022-02-15 10:19:31 [LOT NUM] 202207L53861 
                    [TYPE] SMLMN2WB1CW1  3 CS  
2022-02-15 10:19:31 [LOT NUM] 202207L53861 
                    [TYPE] SMLMN2WB1CW1  3 CS  
2022-02-15 10:19:31 [LOT NUM] 202207L53861 
                    [TYPE] SMLMN2WB1CW1  3 CS  
2022-02-15 10:19:31 [LOT NUM] 202207L53861 
                    [TYPE] SMLMN2WB1CW1  3 CS  
2022-02-15 10:19:31 [LOT NUM] 202207L53861 
                    [TYPE] SMLMN2WB1CW1  3 CS  
2022-02-17 11:42:43 [LOT NUM] 202208L58069 
                    [TYPE] S9L-M13VTT86     R  
2022-02-17 11:42:43 [LOT NUM] 202208L58069 
                    [TYPE] S9L-M13VTT86     R  
2022-02-17 11:42:43 [LOT NUM] 202208L58069 
                    [TYPE] S9L-M13VTT86     R  
2022-02-17 11:42:43 [LOT NUM] 202208L58069 
                    [TYPE] S9L-M13VTT86     R  
2022-02-17 11:42:43 [LOT NUM] 202208L58069 
                    [TYPE] S9L-M13VTT86     R  
2022-02-17 11:42:43 [LOT NUM] 202208L58069 
                    [TYPE] S9L-M13VTT86     R  
2022-02-17 11:42:43 [LOT NUM] 202208L58069 
                    [TYPE] S9L-M13VTT86     R  
2022-02-17 11:42:43 [LOT NUM] 202208L58069 
                    [TYPE] S9L-M13VTT86     R  
2022-02-17 11:42:43 [LOT NUM] 202208L58069 
                    [TYPE] S9L-M13VTT86     R  
2022-02-17 11:42:44 [LOT NUM] 202208L58069 
                    [TYPE] S9L-M13VTT86     R  
